Using pre-set license
Built from '2022.3/staging' branch; Version is '2022.3.15f1 (b58023a2b463) revision 11894819'; Using compiler version '192829333'; Build Type 'Release'
OS: 'Windows 10  (10.0.19045) 64bit Professional' Language: 'en' Physical Memory: 16129 MB
BatchMode: 1, IsHumanControllingUs: 0, StartBugReporterOnCrash: 0, Is64bit: 1, IsPro: 1

COMMAND LINE ARGUMENTS:
D:\Install\Unity 2022.3.15f1\Editor\Unity.exe
-adb2
-batchMode
-noUpm
-name
AssetImportWorker10
-projectPath
D:/Gwent-pro/Gwentverse-Rick-and-Morty-Edition
-logFile
Logs/AssetImportWorker10.log
-srvPort
59909
Successfully changed project path to: D:/Gwent-pro/Gwentverse-Rick-and-Morty-Edition
D:/Gwent-pro/Gwentverse-Rick-and-Morty-Edition
[UnityMemory] Configuration Parameters - Can be set up in boot.config
    "memorysetup-bucket-allocator-granularity=16"
    "memorysetup-bucket-allocator-bucket-count=8"
    "memorysetup-bucket-allocator-block-size=33554432"
    "memorysetup-bucket-allocator-block-count=8"
    "memorysetup-main-allocator-block-size=16777216"
    "memorysetup-thread-allocator-block-size=16777216"
    "memorysetup-gfx-main-allocator-block-size=16777216"
    "memorysetup-gfx-thread-allocator-block-size=16777216"
    "memorysetup-cache-allocator-block-size=4194304"
    "memorysetup-typetree-allocator-block-size=2097152"
    "memorysetup-profiler-bucket-allocator-granularity=16"
    "memorysetup-profiler-bucket-allocator-bucket-count=8"
    "memorysetup-profiler-bucket-allocator-block-size=33554432"
    "memorysetup-profiler-bucket-allocator-block-count=8"
    "memorysetup-profiler-allocator-block-size=16777216"
    "memorysetup-profiler-editor-allocator-block-size=1048576"
    "memorysetup-temp-allocator-size-main=16777216"
    "memorysetup-job-temp-allocator-block-size=2097152"
    "memorysetup-job-temp-allocator-block-size-background=1048576"
    "memorysetup-job-temp-allocator-reduction-small-platforms=262144"
    "memorysetup-allocator-temp-initial-block-size-main=262144"
    "memorysetup-allocator-temp-initial-block-size-worker=262144"
    "memorysetup-temp-allocator-size-background-worker=32768"
    "memorysetup-temp-allocator-size-job-worker=262144"
    "memorysetup-temp-allocator-size-preload-manager=33554432"
    "memorysetup-temp-allocator-size-nav-mesh-worker=65536"
    "memorysetup-temp-allocator-size-audio-worker=65536"
    "memorysetup-temp-allocator-size-cloud-worker=32768"
    "memorysetup-temp-allocator-size-gi-baking-worker=262144"
    "memorysetup-temp-allocator-size-gfx=262144"
Player connection [13024] Host "[IP] 100.101.39.46 [Port] 0 [Flags] 2 [Guid] 2795846352 [EditorId] 2795846352 [Version] 1048832 [Id] WindowsEditor(7,DESKTOP-1N2F2CQ) [Debug] 1 [PackageName] WindowsEditor [ProjectName] Editor" joined multi-casting on [225.0.0.222:54997]...

Player connection [13024] Host "[IP] 100.101.39.46 [Port] 0 [Flags] 2 [Guid] 2795846352 [EditorId] 2795846352 [Version] 1048832 [Id] WindowsEditor(7,DESKTOP-1N2F2CQ) [Debug] 1 [PackageName] WindowsEditor [ProjectName] Editor" joined alternative multi-casting on [225.0.0.222:34997]...

[Physics::Module] Initialized MultithreadedJobDispatcher with 11 workers.
Refreshing native plugins compatible for Editor in 36.63 ms, found 4 plugins.
Preloading 0 native plugins for Editor in 0.00 ms.
Initialize engine version: 2022.3.15f1 (b58023a2b463)
[Subsystems] Discovering subsystems at path D:/Install/Unity 2022.3.15f1/Editor/Data/Resources/UnitySubsystems
[Subsystems] Discovering subsystems at path D:/Gwent-pro/Gwentverse-Rick-and-Morty-Edition/Assets
GfxDevice: creating device client; threaded=0; jobified=0
Direct3D:
    Version:  Direct3D 11.0 [level 11.1]
    Renderer: NVIDIA GeForce GTX 1650 Ti (ID=0x1f95)
    Vendor:   NVIDIA
    VRAM:     3951 MB
    Driver:   31.0.15.4609
Initialize mono
Mono path[0] = 'D:/Install/Unity 2022.3.15f1/Editor/Data/Managed'
Mono path[1] = 'D:/Install/Unity 2022.3.15f1/Editor/Data/MonoBleedingEdge/lib/mono/unityjit-win32'
Mono config path = 'D:/Install/Unity 2022.3.15f1/Editor/Data/MonoBleedingEdge/etc'
Using monoOptions --debugger-agent=transport=dt_socket,embedding=1,server=y,suspend=n,address=127.0.0.1:56332
Begin MonoManager ReloadAssembly
Registering precompiled unity dll's ...
Register platform support module: D:/Install/Unity 2022.3.15f1/Editor/Data/PlaybackEngines/WindowsStandaloneSupport/UnityEditor.WindowsStandalone.Extensions.dll
Registered in 0.006321 seconds.
- Loaded All Assemblies, in  0.737 seconds
Native extension for WindowsStandalone target not found
Mono: successfully reloaded assembly
- Finished resetting the current domain, in  0.525 seconds
Domain Reload Profiling: 1262ms
	BeginReloadAssembly (208ms)
		ExecutionOrderSort (0ms)
		DisableScriptedObjects (0ms)
		BackupInstance (0ms)
		ReleaseScriptingObjects (0ms)
		CreateAndSetChildDomain (2ms)
	RebuildCommonClasses (83ms)
	RebuildNativeTypeToScriptingClass (26ms)
	initialDomainReloadingComplete (115ms)
	LoadAllAssembliesAndSetupDomain (303ms)
		LoadAssemblies (207ms)
		RebuildTransferFunctionScriptingTraits (0ms)
		AnalyzeDomain (298ms)
			TypeCache.Refresh (296ms)
				TypeCache.ScanAssembly (265ms)
			ScanForSourceGeneratedMonoScriptInfo (1ms)
			ResolveRequiredComponents (1ms)
	FinalizeReload (526ms)
		ReleaseScriptCaches (0ms)
		RebuildScriptCaches (0ms)
		SetupLoadedEditorAssemblies (411ms)
			LogAssemblyErrors (0ms)
			InitializePlatformSupportModulesInManaged (14ms)
			SetLoadedEditorAssemblies (14ms)
			RefreshPlugins (0ms)
			BeforeProcessingInitializeOnLoad (5ms)
			ProcessInitializeOnLoadAttributes (289ms)
			ProcessInitializeOnLoadMethodAttributes (89ms)
			AfterProcessingInitializeOnLoad (0ms)
			EditorAssembliesLoaded (0ms)
		ExecutionOrderSort2 (0ms)
		AwakeInstancesAfterBackupRestoration (0ms)
========================================================================
Worker process is ready to serve import requests
Begin MonoManager ReloadAssembly
- Loaded All Assemblies, in  1.243 seconds
Refreshing native plugins compatible for Editor in 12.58 ms, found 4 plugins.
Native extension for WindowsStandalone target not found
Package Manager log level set to [2]
[Package Manager] Server::EnsureServerProcessIsRunning -- launch failed, reason: Unity was launched with the -noUpm command-line argument
[Package Manager] UpmClient::Send -- Unable to send message (not connected to UPM process).
[Package Manager] Cannot connect to Unity Package Manager local server
Mono: successfully reloaded assembly
- Finished resetting the current domain, in  1.114 seconds
Domain Reload Profiling: 2357ms
	BeginReloadAssembly (297ms)
		ExecutionOrderSort (0ms)
		DisableScriptedObjects (9ms)
		BackupInstance (0ms)
		ReleaseScriptingObjects (0ms)
		CreateAndSetChildDomain (38ms)
	RebuildCommonClasses (70ms)
	RebuildNativeTypeToScriptingClass (29ms)
	initialDomainReloadingComplete (71ms)
	LoadAllAssembliesAndSetupDomain (775ms)
		LoadAssemblies (619ms)
		RebuildTransferFunctionScriptingTraits (0ms)
		AnalyzeDomain (336ms)
			TypeCache.Refresh (280ms)
				TypeCache.ScanAssembly (255ms)
			ScanForSourceGeneratedMonoScriptInfo (45ms)
			ResolveRequiredComponents (10ms)
	FinalizeReload (1115ms)
		ReleaseScriptCaches (0ms)
		RebuildScriptCaches (0ms)
		SetupLoadedEditorAssemblies (822ms)
			LogAssemblyErrors (0ms)
			InitializePlatformSupportModulesInManaged (8ms)
			SetLoadedEditorAssemblies (5ms)
			RefreshPlugins (0ms)
			BeforeProcessingInitializeOnLoad (109ms)
			ProcessInitializeOnLoadAttributes (620ms)
			ProcessInitializeOnLoadMethodAttributes (74ms)
			AfterProcessingInitializeOnLoad (5ms)
			EditorAssembliesLoaded (0ms)
		ExecutionOrderSort2 (0ms)
		AwakeInstancesAfterBackupRestoration (13ms)
Launched and connected shader compiler UnityShaderCompiler.exe after 0.09 seconds
Refreshing native plugins compatible for Editor in 7.82 ms, found 4 plugins.
Preloading 0 native plugins for Editor in 0.00 ms.
Unloading 4065 Unused Serialized files (Serialized files now loaded: 0)
Unloading 70 unused Assets / (244.8 KB). Loaded Objects now: 4521.
Memory consumption went from 148.9 MB to 148.6 MB.
Total: 5.505700 ms (FindLiveObjects: 0.415200 ms CreateObjectMapping: 0.435700 ms MarkObjects: 4.376900 ms  DeleteObjects: 0.276500 ms)

AssetImportParameters requested are different than current active one (requested -> active):
  custom:container-demuxer-ogg: 62fdf1f143b41e24485cea50d1cbac27 -> 
  custom:video-codec-MediaFoundation-h265: 746d11721c4dcdbdad8f713fa42b33f4 -> 
  custom:video-decoder-ogg-theora: a1e56fd34408186e4bbccfd4996cb3dc -> 
  custom:framework-win-MediaFoundation: 216162199b28c13a410421893ffa2e32 -> 
  custom:CustomObjectIndexerAttribute: 43b350a4d6e6d1791af0b5038c4bea17 -> 
  custom:container-demuxer-webm: 4f35f7cbe854078d1ac9338744f61a02 -> 
  custom:container-muxer-webm: aa71ff27fc2769a1b78a27578f13a17b -> 
  custom:video-decoder-webm-vp8: 9c59270c3fd7afecdb556c50c9e8de78 -> 
  custom:SearchIndexIgnoredProperties: e643bd26f0fe6173181afceb89e7c659 -> 
  custom:AudioImporter_EditorPlatform: d09bf68614088b80899f8185d706f6e7 -> 
  custom:video-encoder-webm-vp8: eb34c28f22e8b96e1ab97ce403110664 -> 
  custom:audio-decoder-ogg-vorbis: bf7c407c2cedff20999df2af8eb42d56 -> 
  custom:audio-encoder-webm-vorbis: bf7c407c2cedff20999df2af8eb42d56 -> 
========================================================================
Received Import Request.
  Time since last request: 141148.661383 seconds.
  path: Assets/Sprites/Background/nube.png
  artifactKey: Guid(8c51058eee0e3124cac3c395aaa4871e) Importer(815301076,1909f56bfc062723c751e8b465ee728b)
Start importing Assets/Sprites/Background/nube.png using Guid(8c51058eee0e3124cac3c395aaa4871e) Importer(815301076,1909f56bfc062723c751e8b465ee728b)  -> (artifact id: 'de93adc138f388c832cc213e44bb3347') in 0.148904 seconds
Number of updated asset objects reloaded before import = 0
Number of asset objects unloaded after import = 3
========================================================================
Received Import Request.
  Time since last request: 588.338417 seconds.
  path: Assets/Sprites/Background/aumento.png
  artifactKey: Guid(c70032235c7f8d545a795e5fc08d5254) Importer(815301076,1909f56bfc062723c751e8b465ee728b)
Start importing Assets/Sprites/Background/aumento.png using Guid(c70032235c7f8d545a795e5fc08d5254) Importer(815301076,1909f56bfc062723c751e8b465ee728b)  -> (artifact id: '719f73d49a34505c6dfa7793941f7d71') in 0.023640 seconds
Number of updated asset objects reloaded before import = 0
Number of asset objects unloaded after import = 3
========================================================================
Received Import Request.
  Time since last request: 129.397330 seconds.
  path: Assets/Sprites/Background/aumento.png
  artifactKey: Guid(c70032235c7f8d545a795e5fc08d5254) Importer(815301076,1909f56bfc062723c751e8b465ee728b)
Start importing Assets/Sprites/Background/aumento.png using Guid(c70032235c7f8d545a795e5fc08d5254) Importer(815301076,1909f56bfc062723c751e8b465ee728b)  -> (artifact id: '25e927678f295b31e172e19ddcab22fd') in 0.019009 seconds
Number of updated asset objects reloaded before import = 0
Number of asset objects unloaded after import = 3
========================================================================
Received Import Request.
  Time since last request: 1293.336747 seconds.
  path: Assets/Scenes/GameScene.unity
  artifactKey: Guid(7f44903031683364091411c12b2cb270) Importer(815301076,1909f56bfc062723c751e8b465ee728b)
Start importing Assets/Scenes/GameScene.unity using Guid(7f44903031683364091411c12b2cb270) Importer(815301076,1909f56bfc062723c751e8b465ee728b)  -> (artifact id: '93e88a0e975a4f93855fa8e52194b3db') in 0.001936 seconds
Number of updated asset objects reloaded before import = 0
Number of asset objects unloaded after import = 0
========================================================================
Received Import Request.
  Time since last request: 108.595015 seconds.
  path: Assets/Sprites/Cartas/GWENDOLYN.png
  artifactKey: Guid(ca519c0860d33a445b90a423e63f39ff) Importer(815301076,1909f56bfc062723c751e8b465ee728b)
Start importing Assets/Sprites/Cartas/GWENDOLYN.png using Guid(ca519c0860d33a445b90a423e63f39ff) Importer(815301076,1909f56bfc062723c751e8b465ee728b)  -> (artifact id: '91d0b626eb3a193d6477cb9cf611d0eb') in 0.066392 seconds
Number of updated asset objects reloaded before import = 0
Number of asset objects unloaded after import = 3
========================================================================
Received Import Request.
  Time since last request: 0.000054 seconds.
  path: Assets/Sprites/Cartas/REY FRIJOL.png
  artifactKey: Guid(fb6a9f9516b0a1845a2669c9fce22247) Importer(815301076,1909f56bfc062723c751e8b465ee728b)
Start importing Assets/Sprites/Cartas/REY FRIJOL.png using Guid(fb6a9f9516b0a1845a2669c9fce22247) Importer(815301076,1909f56bfc062723c751e8b465ee728b)  -> (artifact id: 'd9484eb38daa0a858ec9d7832b8225a7') in 0.044903 seconds
Number of updated asset objects reloaded before import = 0
Number of asset objects unloaded after import = 3
========================================================================
Received Import Request.
  Time since last request: 12.694119 seconds.
  path: Assets/Sprites/Cartas/BETH SMITH.png
  artifactKey: Guid(0177124129068b64b9116e30da5a3522) Importer(815301076,1909f56bfc062723c751e8b465ee728b)
Start importing Assets/Sprites/Cartas/BETH SMITH.png using Guid(0177124129068b64b9116e30da5a3522) Importer(815301076,1909f56bfc062723c751e8b465ee728b)  -> (artifact id: '6c89038939e342499ee72a85bcc6ea0b') in 0.060288 seconds
Number of updated asset objects reloaded before import = 0
Number of asset objects unloaded after import = 3
========================================================================
Received Import Request.
  Time since last request: 0.000034 seconds.
  path: Assets/Sprites/Cartas/SUMMER.png
  artifactKey: Guid(4827233a6e48cc349b890d79bb05bf31) Importer(815301076,1909f56bfc062723c751e8b465ee728b)
Start importing Assets/Sprites/Cartas/SUMMER.png using Guid(4827233a6e48cc349b890d79bb05bf31) Importer(815301076,1909f56bfc062723c751e8b465ee728b)  -> (artifact id: '6bdc27514c91feb52ef321e49738d07c') in 0.048711 seconds
Number of updated asset objects reloaded before import = 0
Number of asset objects unloaded after import = 3
========================================================================
Received Import Request.
  Time since last request: 0.000036 seconds.
  path: Assets/Sprites/Cartas/JESSICA.png
  artifactKey: Guid(7a8474b4937e70e42b348855737f02aa) Importer(815301076,1909f56bfc062723c751e8b465ee728b)
Start importing Assets/Sprites/Cartas/JESSICA.png using Guid(7a8474b4937e70e42b348855737f02aa) Importer(815301076,1909f56bfc062723c751e8b465ee728b)  -> (artifact id: 'c17564d22d51e6b02a9720343bed9a6b') in 0.039215 seconds
Number of updated asset objects reloaded before import = 0
Number of asset objects unloaded after import = 3
========================================================================
Received Import Request.
  Time since last request: 17.189425 seconds.
  path: Assets/Sprites/Cartas/FURP ROCK.png
  artifactKey: Guid(82041e37ea233b94a864a2176888c4a1) Importer(815301076,1909f56bfc062723c751e8b465ee728b)
Start importing Assets/Sprites/Cartas/FURP ROCK.png using Guid(82041e37ea233b94a864a2176888c4a1) Importer(815301076,1909f56bfc062723c751e8b465ee728b)  -> (artifact id: 'ff9916f3808d4e4b5782f4c6271c78d9') in 0.044911 seconds
Number of updated asset objects reloaded before import = 0
Number of asset objects unloaded after import = 3
========================================================================
Received Import Request.
  Time since last request: 0.000050 seconds.
  path: Assets/Sprites/Cartas/MIDLAND QUASAR.png
  artifactKey: Guid(b77d8d061db21bd4da522b5c1e153f8c) Importer(815301076,1909f56bfc062723c751e8b465ee728b)
Start importing Assets/Sprites/Cartas/MIDLAND QUASAR.png using Guid(b77d8d061db21bd4da522b5c1e153f8c) Importer(815301076,1909f56bfc062723c751e8b465ee728b)  -> (artifact id: '24868f69771ed2a6dc70869bf1863195') in 0.052690 seconds
Number of updated asset objects reloaded before import = 0
Number of asset objects unloaded after import = 3
========================================================================
Received Import Request.
  Time since last request: 0.000055 seconds.
  path: Assets/Sprites/Cartas/PLUTO.png
  artifactKey: Guid(24f18bcfa7c037645886f138eae1d6d0) Importer(815301076,1909f56bfc062723c751e8b465ee728b)
Start importing Assets/Sprites/Cartas/PLUTO.png using Guid(24f18bcfa7c037645886f138eae1d6d0) Importer(815301076,1909f56bfc062723c751e8b465ee728b)  -> (artifact id: '10c13dd3ff9b7c063ed91766d2d6b286') in 0.033410 seconds
Number of updated asset objects reloaded before import = 0
Number of asset objects unloaded after import = 3
========================================================================
Received Import Request.
  Time since last request: 12.223809 seconds.
  path: Assets/Sprites/Cartas/RUBEN.png
  artifactKey: Guid(e4693b953c9057843bf4db27b7261349) Importer(815301076,1909f56bfc062723c751e8b465ee728b)
Start importing Assets/Sprites/Cartas/RUBEN.png using Guid(e4693b953c9057843bf4db27b7261349) Importer(815301076,1909f56bfc062723c751e8b465ee728b)  -> (artifact id: 'cde10b6a1ec7abc919bf869d17917cc1') in 0.039120 seconds
Number of updated asset objects reloaded before import = 0
Number of asset objects unloaded after import = 3
========================================================================
Received Import Request.
  Time since last request: 10.113644 seconds.
  path: Assets/Sprites/Cartas/RICK.png
  artifactKey: Guid(c87bfe326f3fc8949abc74a8190f2bc7) Importer(815301076,1909f56bfc062723c751e8b465ee728b)
Start importing Assets/Sprites/Cartas/RICK.png using Guid(c87bfe326f3fc8949abc74a8190f2bc7) Importer(815301076,1909f56bfc062723c751e8b465ee728b)  -> (artifact id: '3de9220fa996a18d16d186cef8a60c2c') in 0.047925 seconds
Number of updated asset objects reloaded before import = 0
Number of asset objects unloaded after import = 3
========================================================================
Received Import Request.
  Time since last request: 15.224334 seconds.
  path: Assets/Sprites/Cartas/LEONARD SMITH.png
  artifactKey: Guid(91c6d9f3ccae40440964aae8c9e682ea) Importer(815301076,1909f56bfc062723c751e8b465ee728b)
Start importing Assets/Sprites/Cartas/LEONARD SMITH.png using Guid(91c6d9f3ccae40440964aae8c9e682ea) Importer(815301076,1909f56bfc062723c751e8b465ee728b)  -> (artifact id: 'dc52c9930700605a44a0f0a4532dc3c5') in 0.049140 seconds
Number of updated asset objects reloaded before import = 0
Number of asset objects unloaded after import = 3
========================================================================
Received Import Request.
  Time since last request: 0.000041 seconds.
  path: Assets/Sprites/Cartas/SCARY TERRY.png
  artifactKey: Guid(47891138215bcd44f919142ab43fecff) Importer(815301076,1909f56bfc062723c751e8b465ee728b)
Start importing Assets/Sprites/Cartas/SCARY TERRY.png using Guid(47891138215bcd44f919142ab43fecff) Importer(815301076,1909f56bfc062723c751e8b465ee728b)  -> (artifact id: 'e59c15aa041ade6eab9678ccdccd8c45') in 0.048243 seconds
Number of updated asset objects reloaded before import = 0
Number of asset objects unloaded after import = 3
========================================================================
Received Import Request.
  Time since last request: 14.434142 seconds.
  path: Assets/Sprites/Cartas/MR. POOPYBUTTHOLE.png
  artifactKey: Guid(53298af335f988946bb63f80110bb896) Importer(815301076,1909f56bfc062723c751e8b465ee728b)
Start importing Assets/Sprites/Cartas/MR. POOPYBUTTHOLE.png using Guid(53298af335f988946bb63f80110bb896) Importer(815301076,1909f56bfc062723c751e8b465ee728b)  -> (artifact id: 'a6deccf59a0ec9767ac5fe108e0e5277') in 0.053647 seconds
Number of updated asset objects reloaded before import = 0
Number of asset objects unloaded after import = 3
========================================================================
Received Import Request.
  Time since last request: 2.449485 seconds.
  path: Assets/Sprites/Cartas/BIRDPERSON.png
  artifactKey: Guid(e08eb760a634add45a01c6177176dd4f) Importer(815301076,1909f56bfc062723c751e8b465ee728b)
Start importing Assets/Sprites/Cartas/BIRDPERSON.png using Guid(e08eb760a634add45a01c6177176dd4f) Importer(815301076,1909f56bfc062723c751e8b465ee728b)  -> (artifact id: '486af399ebc6134b51cc4935d4c122a2') in 0.045090 seconds
Number of updated asset objects reloaded before import = 0
Number of asset objects unloaded after import = 3
========================================================================
Received Import Request.
  Time since last request: 0.000042 seconds.
  path: Assets/Sprites/Cartas/HEPATITIS C.png
  artifactKey: Guid(14a9d6e9220aa7849b12e39fe1ec0a23) Importer(815301076,1909f56bfc062723c751e8b465ee728b)
Start importing Assets/Sprites/Cartas/HEPATITIS C.png using Guid(14a9d6e9220aa7849b12e39fe1ec0a23) Importer(815301076,1909f56bfc062723c751e8b465ee728b)  -> (artifact id: 'a49d163a9b59f970c4b69f3ba7441fd5') in 0.058570 seconds
Number of updated asset objects reloaded before import = 0
Number of asset objects unloaded after import = 3
TcpMessagingSession - receive error
AssetImportWorkerClient::OnTransportError - code=1236 error=The network connection was aborted by the local system.
