Using pre-set license
Built from '2022.3/staging' branch; Version is '2022.3.15f1 (b58023a2b463) revision 11894819'; Using compiler version '192829333'; Build Type 'Release'
OS: 'Windows 10  (10.0.19045) 64bit Professional' Language: 'en' Physical Memory: 16129 MB
BatchMode: 1, IsHumanControllingUs: 0, StartBugReporterOnCrash: 0, Is64bit: 1, IsPro: 1

COMMAND LINE ARGUMENTS:
D:\Install\Unity 2022.3.15f1\Editor\Unity.exe
-adb2
-batchMode
-noUpm
-name
AssetImportWorker11
-projectPath
D:/Gwent-pro/Gwentverse-Rick-and-Morty-Edition
-logFile
Logs/AssetImportWorker11.log
-srvPort
59909
Successfully changed project path to: D:/Gwent-pro/Gwentverse-Rick-and-Morty-Edition
D:/Gwent-pro/Gwentverse-Rick-and-Morty-Edition
[UnityMemory] Configuration Parameters - Can be set up in boot.config
    "memorysetup-bucket-allocator-granularity=16"
    "memorysetup-bucket-allocator-bucket-count=8"
    "memorysetup-bucket-allocator-block-size=33554432"
    "memorysetup-bucket-allocator-block-count=8"
    "memorysetup-main-allocator-block-size=16777216"
    "memorysetup-thread-allocator-block-size=16777216"
    "memorysetup-gfx-main-allocator-block-size=16777216"
    "memorysetup-gfx-thread-allocator-block-size=16777216"
    "memorysetup-cache-allocator-block-size=4194304"
    "memorysetup-typetree-allocator-block-size=2097152"
    "memorysetup-profiler-bucket-allocator-granularity=16"
    "memorysetup-profiler-bucket-allocator-bucket-count=8"
    "memorysetup-profiler-bucket-allocator-block-size=33554432"
    "memorysetup-profiler-bucket-allocator-block-count=8"
    "memorysetup-profiler-allocator-block-size=16777216"
    "memorysetup-profiler-editor-allocator-block-size=1048576"
    "memorysetup-temp-allocator-size-main=16777216"
    "memorysetup-job-temp-allocator-block-size=2097152"
    "memorysetup-job-temp-allocator-block-size-background=1048576"
    "memorysetup-job-temp-allocator-reduction-small-platforms=262144"
    "memorysetup-allocator-temp-initial-block-size-main=262144"
    "memorysetup-allocator-temp-initial-block-size-worker=262144"
    "memorysetup-temp-allocator-size-background-worker=32768"
    "memorysetup-temp-allocator-size-job-worker=262144"
    "memorysetup-temp-allocator-size-preload-manager=33554432"
    "memorysetup-temp-allocator-size-nav-mesh-worker=65536"
    "memorysetup-temp-allocator-size-audio-worker=65536"
    "memorysetup-temp-allocator-size-cloud-worker=32768"
    "memorysetup-temp-allocator-size-gi-baking-worker=262144"
    "memorysetup-temp-allocator-size-gfx=262144"
Player connection [28352] Host "[IP] 192.168.43.143 [Port] 0 [Flags] 2 [Guid] 3626369586 [EditorId] 3626369586 [Version] 1048832 [Id] WindowsEditor(7,DESKTOP-1N2F2CQ) [Debug] 1 [PackageName] WindowsEditor [ProjectName] Editor" joined multi-casting on [225.0.0.222:54997]...

Player connection [28352] Host "[IP] 192.168.43.143 [Port] 0 [Flags] 2 [Guid] 3626369586 [EditorId] 3626369586 [Version] 1048832 [Id] WindowsEditor(7,DESKTOP-1N2F2CQ) [Debug] 1 [PackageName] WindowsEditor [ProjectName] Editor" joined alternative multi-casting on [225.0.0.222:34997]...

[Physics::Module] Initialized MultithreadedJobDispatcher with 11 workers.
Refreshing native plugins compatible for Editor in 32.97 ms, found 4 plugins.
Preloading 0 native plugins for Editor in 0.00 ms.
Initialize engine version: 2022.3.15f1 (b58023a2b463)
[Subsystems] Discovering subsystems at path D:/Install/Unity 2022.3.15f1/Editor/Data/Resources/UnitySubsystems
[Subsystems] Discovering subsystems at path D:/Gwent-pro/Gwentverse-Rick-and-Morty-Edition/Assets
GfxDevice: creating device client; threaded=0; jobified=0
Direct3D:
    Version:  Direct3D 11.0 [level 11.1]
    Renderer: Intel(R) UHD Graphics (ID=0x9bc4)
    Vendor:   Intel
    VRAM:     8064 MB
    Driver:   30.0.101.1404
Initialize mono
Mono path[0] = 'D:/Install/Unity 2022.3.15f1/Editor/Data/Managed'
Mono path[1] = 'D:/Install/Unity 2022.3.15f1/Editor/Data/MonoBleedingEdge/lib/mono/unityjit-win32'
Mono config path = 'D:/Install/Unity 2022.3.15f1/Editor/Data/MonoBleedingEdge/etc'
Using monoOptions --debugger-agent=transport=dt_socket,embedding=1,server=y,suspend=n,address=127.0.0.1:56924
Begin MonoManager ReloadAssembly
Registering precompiled unity dll's ...
Register platform support module: D:/Install/Unity 2022.3.15f1/Editor/Data/PlaybackEngines/WindowsStandaloneSupport/UnityEditor.WindowsStandalone.Extensions.dll
Registered in 0.011602 seconds.
- Loaded All Assemblies, in  0.894 seconds
Native extension for WindowsStandalone target not found
Mono: successfully reloaded assembly
- Finished resetting the current domain, in  0.691 seconds
Domain Reload Profiling: 1585ms
	BeginReloadAssembly (314ms)
		ExecutionOrderSort (0ms)
		DisableScriptedObjects (0ms)
		BackupInstance (0ms)
		ReleaseScriptingObjects (0ms)
		CreateAndSetChildDomain (2ms)
	RebuildCommonClasses (93ms)
	RebuildNativeTypeToScriptingClass (32ms)
	initialDomainReloadingComplete (129ms)
	LoadAllAssembliesAndSetupDomain (325ms)
		LoadAssemblies (314ms)
		RebuildTransferFunctionScriptingTraits (0ms)
		AnalyzeDomain (318ms)
			TypeCache.Refresh (316ms)
				TypeCache.ScanAssembly (283ms)
			ScanForSourceGeneratedMonoScriptInfo (1ms)
			ResolveRequiredComponents (1ms)
	FinalizeReload (692ms)
		ReleaseScriptCaches (0ms)
		RebuildScriptCaches (0ms)
		SetupLoadedEditorAssemblies (541ms)
			LogAssemblyErrors (0ms)
			InitializePlatformSupportModulesInManaged (18ms)
			SetLoadedEditorAssemblies (22ms)
			RefreshPlugins (0ms)
			BeforeProcessingInitializeOnLoad (6ms)
			ProcessInitializeOnLoadAttributes (379ms)
			ProcessInitializeOnLoadMethodAttributes (117ms)
			AfterProcessingInitializeOnLoad (0ms)
			EditorAssembliesLoaded (0ms)
		ExecutionOrderSort2 (0ms)
		AwakeInstancesAfterBackupRestoration (0ms)
========================================================================
Worker process is ready to serve import requests
Begin MonoManager ReloadAssembly
- Loaded All Assemblies, in  1.507 seconds
Refreshing native plugins compatible for Editor in 14.63 ms, found 4 plugins.
Native extension for WindowsStandalone target not found
Package Manager log level set to [2]
[Package Manager] Server::EnsureServerProcessIsRunning -- launch failed, reason: Unity was launched with the -noUpm command-line argument
[Package Manager] UpmClient::Send -- Unable to send message (not connected to UPM process).
[Package Manager] Cannot connect to Unity Package Manager local server
Mono: successfully reloaded assembly
- Finished resetting the current domain, in  1.356 seconds
Domain Reload Profiling: 2860ms
	BeginReloadAssembly (365ms)
		ExecutionOrderSort (0ms)
		DisableScriptedObjects (14ms)
		BackupInstance (0ms)
		ReleaseScriptingObjects (0ms)
		CreateAndSetChildDomain (37ms)
	RebuildCommonClasses (89ms)
	RebuildNativeTypeToScriptingClass (25ms)
	initialDomainReloadingComplete (105ms)
	LoadAllAssembliesAndSetupDomain (919ms)
		LoadAssemblies (707ms)
		RebuildTransferFunctionScriptingTraits (0ms)
		AnalyzeDomain (438ms)
			TypeCache.Refresh (377ms)
				TypeCache.ScanAssembly (345ms)
			ScanForSourceGeneratedMonoScriptInfo (47ms)
			ResolveRequiredComponents (11ms)
	FinalizeReload (1357ms)
		ReleaseScriptCaches (0ms)
		RebuildScriptCaches (0ms)
		SetupLoadedEditorAssemblies (995ms)
			LogAssemblyErrors (0ms)
			InitializePlatformSupportModulesInManaged (11ms)
			SetLoadedEditorAssemblies (9ms)
			RefreshPlugins (0ms)
			BeforeProcessingInitializeOnLoad (148ms)
			ProcessInitializeOnLoadAttributes (748ms)
			ProcessInitializeOnLoadMethodAttributes (74ms)
			AfterProcessingInitializeOnLoad (5ms)
			EditorAssembliesLoaded (0ms)
		ExecutionOrderSort2 (0ms)
		AwakeInstancesAfterBackupRestoration (15ms)
Launched and connected shader compiler UnityShaderCompiler.exe after 0.08 seconds
Refreshing native plugins compatible for Editor in 22.75 ms, found 4 plugins.
Preloading 0 native plugins for Editor in 0.00 ms.
Unloading 4065 Unused Serialized files (Serialized files now loaded: 0)
Unloading 70 unused Assets / (244.6 KB). Loaded Objects now: 4521.
Memory consumption went from 148.8 MB to 148.5 MB.
Total: 6.360600 ms (FindLiveObjects: 0.512900 ms CreateObjectMapping: 0.469400 ms MarkObjects: 4.940900 ms  DeleteObjects: 0.436000 ms)

AssetImportParameters requested are different than current active one (requested -> active):
  custom:container-demuxer-ogg: 62fdf1f143b41e24485cea50d1cbac27 -> 
  custom:video-codec-MediaFoundation-h265: 746d11721c4dcdbdad8f713fa42b33f4 -> 
  custom:video-decoder-ogg-theora: a1e56fd34408186e4bbccfd4996cb3dc -> 
  custom:framework-win-MediaFoundation: 216162199b28c13a410421893ffa2e32 -> 
  custom:CustomObjectIndexerAttribute: 43b350a4d6e6d1791af0b5038c4bea17 -> 
  custom:container-demuxer-webm: 4f35f7cbe854078d1ac9338744f61a02 -> 
  custom:container-muxer-webm: aa71ff27fc2769a1b78a27578f13a17b -> 
  custom:video-decoder-webm-vp8: 9c59270c3fd7afecdb556c50c9e8de78 -> 
  custom:SearchIndexIgnoredProperties: e643bd26f0fe6173181afceb89e7c659 -> 
  custom:AudioImporter_EditorPlatform: d09bf68614088b80899f8185d706f6e7 -> 
  custom:video-encoder-webm-vp8: eb34c28f22e8b96e1ab97ce403110664 -> 
  custom:audio-decoder-ogg-vorbis: bf7c407c2cedff20999df2af8eb42d56 -> 
  custom:audio-encoder-webm-vorbis: bf7c407c2cedff20999df2af8eb42d56 -> 
========================================================================
Received Import Request.
  Time since last request: 143298.685953 seconds.
  path: Assets/Sprites/Cartas/EARTH.png
  artifactKey: Guid(024fd7458e4237a498001dd52dd55e59) Importer(815301076,1909f56bfc062723c751e8b465ee728b)
Start importing Assets/Sprites/Cartas/EARTH.png using Guid(024fd7458e4237a498001dd52dd55e59) Importer(815301076,1909f56bfc062723c751e8b465ee728b)  -> (artifact id: '9e1df4b5bd385bb1a761c8d6ff8e8023') in 0.304220 seconds
Number of updated asset objects reloaded before import = 0
Number of asset objects unloaded after import = 3
========================================================================
Received Import Request.
  Time since last request: 12.043551 seconds.
  path: Assets/Sprites/Cartas/HORMIGAS EN LOS OJOS JOHNSON.png
  artifactKey: Guid(fa32a0abcaee7324d9fcd9955a93b5a0) Importer(815301076,1909f56bfc062723c751e8b465ee728b)
Start importing Assets/Sprites/Cartas/HORMIGAS EN LOS OJOS JOHNSON.png using Guid(fa32a0abcaee7324d9fcd9955a93b5a0) Importer(815301076,1909f56bfc062723c751e8b465ee728b)  -> (artifact id: '2b8af9fcc79ec6ff90febc7e3a9d9a6a') in 0.043781 seconds
Number of updated asset objects reloaded before import = 0
Number of asset objects unloaded after import = 3
========================================================================
Received Import Request.
  Time since last request: 10.112280 seconds.
  path: Assets/Sprites/Cartas/MORTY.png
  artifactKey: Guid(212bed35dcb782e469c99a6d88047122) Importer(815301076,1909f56bfc062723c751e8b465ee728b)
Start importing Assets/Sprites/Cartas/MORTY.png using Guid(212bed35dcb782e469c99a6d88047122) Importer(815301076,1909f56bfc062723c751e8b465ee728b)  -> (artifact id: '4b5f4d6576b1a4b111b1a1821f6cdc27') in 0.040379 seconds
Number of updated asset objects reloaded before import = 0
Number of asset objects unloaded after import = 3
========================================================================
Received Import Request.
  Time since last request: 15.233430 seconds.
  path: Assets/Sprites/Cartas/JOYCE SMITH.png
  artifactKey: Guid(d4f052412b6b2c74583ef7c7ff92db5b) Importer(815301076,1909f56bfc062723c751e8b465ee728b)
Start importing Assets/Sprites/Cartas/JOYCE SMITH.png using Guid(d4f052412b6b2c74583ef7c7ff92db5b) Importer(815301076,1909f56bfc062723c751e8b465ee728b)  -> (artifact id: '92bae450e0898899e5f18c0637e0ec8b') in 0.041174 seconds
Number of updated asset objects reloaded before import = 0
Number of asset objects unloaded after import = 3
========================================================================
Received Import Request.
  Time since last request: 0.000064 seconds.
  path: Assets/Sprites/Cartas/SQUANCHY.png
  artifactKey: Guid(bbcb46f800e8e674eb8e66254d29e09d) Importer(815301076,1909f56bfc062723c751e8b465ee728b)
Start importing Assets/Sprites/Cartas/SQUANCHY.png using Guid(bbcb46f800e8e674eb8e66254d29e09d) Importer(815301076,1909f56bfc062723c751e8b465ee728b)  -> (artifact id: '7966d3c6e05a87493b52856c3d02985a') in 0.035058 seconds
Number of updated asset objects reloaded before import = 0
Number of asset objects unloaded after import = 3
========================================================================
Received Import Request.
  Time since last request: 14.454864 seconds.
  path: Assets/Sprites/Cartas/MR. MEESEEKS.png
  artifactKey: Guid(9ef4eac53e90df843af9197c30bd9dbe) Importer(815301076,1909f56bfc062723c751e8b465ee728b)
Start importing Assets/Sprites/Cartas/MR. MEESEEKS.png using Guid(9ef4eac53e90df843af9197c30bd9dbe) Importer(815301076,1909f56bfc062723c751e8b465ee728b)  -> (artifact id: '9a42106c31fc7fba887603093452e0ab') in 0.047511 seconds
Number of updated asset objects reloaded before import = 0
Number of asset objects unloaded after import = 3
========================================================================
Received Import Request.
  Time since last request: 0.000063 seconds.
  path: Assets/Sprites/Cartas/SNOWBALLS.png
  artifactKey: Guid(8e304fad58a4a7b49b417ff4ee54df39) Importer(815301076,1909f56bfc062723c751e8b465ee728b)
Start importing Assets/Sprites/Cartas/SNOWBALLS.png using Guid(8e304fad58a4a7b49b417ff4ee54df39) Importer(815301076,1909f56bfc062723c751e8b465ee728b)  -> (artifact id: '2f6f56c5485f39283ae81b574a8f64be') in 0.047286 seconds
Number of updated asset objects reloaded before import = 0
Number of asset objects unloaded after import = 3
========================================================================
Received Import Request.
  Time since last request: 2.405255 seconds.
  path: Assets/Sprites/Cartas/ABRADOLF LINCLER.png
  artifactKey: Guid(a988bb2cbfdd90b419687b01a07a9c67) Importer(815301076,1909f56bfc062723c751e8b465ee728b)
Start importing Assets/Sprites/Cartas/ABRADOLF LINCLER.png using Guid(a988bb2cbfdd90b419687b01a07a9c67) Importer(815301076,1909f56bfc062723c751e8b465ee728b)  -> (artifact id: 'be3df8a8067cdbf3f8ec1ead8e3026d4') in 0.042084 seconds
Number of updated asset objects reloaded before import = 0
Number of asset objects unloaded after import = 3
========================================================================
Received Import Request.
  Time since last request: 0.000043 seconds.
  path: Assets/Sprites/Cartas/HEPATITIS A.png
  artifactKey: Guid(8997807f73f680f48a40795fa561d526) Importer(815301076,1909f56bfc062723c751e8b465ee728b)
Start importing Assets/Sprites/Cartas/HEPATITIS A.png using Guid(8997807f73f680f48a40795fa561d526) Importer(815301076,1909f56bfc062723c751e8b465ee728b)  -> (artifact id: 'fdd6d59907d783d82e02664a9f908f3a') in 0.039872 seconds
Number of updated asset objects reloaded before import = 0
Number of asset objects unloaded after import = 3
========================================================================
Received Import Request.
  Time since last request: 774.110361 seconds.
  path: Assets/Sprites/Cartas/Aumento
  artifactKey: Guid(044a1a67f47fab44398e900d033ac49c) Importer(815301076,1909f56bfc062723c751e8b465ee728b)
Start importing Assets/Sprites/Cartas/Aumento using Guid(044a1a67f47fab44398e900d033ac49c) Importer(815301076,1909f56bfc062723c751e8b465ee728b)  -> (artifact id: '626a114b17d79be893525fed17d7e811') in 0.001642 seconds
Number of updated asset objects reloaded before import = 0
Number of asset objects unloaded after import = 0
========================================================================
Received Import Request.
  Time since last request: 7.020293 seconds.
  path: Assets/Sprites/Cartas/Aumento/New Folder
  artifactKey: Guid(1722018dfee081046a1632f7416b38a8) Importer(815301076,1909f56bfc062723c751e8b465ee728b)
Start importing Assets/Sprites/Cartas/Aumento/New Folder using Guid(1722018dfee081046a1632f7416b38a8) Importer(815301076,1909f56bfc062723c751e8b465ee728b)  -> (artifact id: '4324f54c76a70fd26ac45e18ca33e329') in 0.001110 seconds
Number of updated asset objects reloaded before import = 0
Number of asset objects unloaded after import = 0
========================================================================
Received Import Request.
  Time since last request: 8.338115 seconds.
  path: Assets/Sprites/Cartas/CLima
  artifactKey: Guid(a18036b97e3100343b7e04e0788d836d) Importer(815301076,1909f56bfc062723c751e8b465ee728b)
Start importing Assets/Sprites/Cartas/CLima using Guid(a18036b97e3100343b7e04e0788d836d) Importer(815301076,1909f56bfc062723c751e8b465ee728b)  -> (artifact id: 'fe5b198361c102fd126b19f8bcb0cd16') in 0.001419 seconds
Number of updated asset objects reloaded before import = 0
Number of asset objects unloaded after import = 0
========================================================================
Received Import Request.
  Time since last request: 3.642792 seconds.
  path: Assets/Sprites/Cartas/Clima
  artifactKey: Guid(a18036b97e3100343b7e04e0788d836d) Importer(815301076,1909f56bfc062723c751e8b465ee728b)
Start importing Assets/Sprites/Cartas/Clima using Guid(a18036b97e3100343b7e04e0788d836d) Importer(815301076,1909f56bfc062723c751e8b465ee728b)  -> (artifact id: '06fcfb8aa08bdcb5a6113226aa7da4df') in 0.001164 seconds
Number of updated asset objects reloaded before import = 0
Number of asset objects unloaded after import = 0
========================================================================
Received Import Request.
  Time since last request: 8.619275 seconds.
  path: Assets/Sprites/Cartas/Despeje
  artifactKey: Guid(eea088e7bc08bfb4ea3b23e6535e984c) Importer(815301076,1909f56bfc062723c751e8b465ee728b)
Start importing Assets/Sprites/Cartas/Despeje using Guid(eea088e7bc08bfb4ea3b23e6535e984c) Importer(815301076,1909f56bfc062723c751e8b465ee728b)  -> (artifact id: '0f60f7f25b8dff521cf3cdb96174de45') in 0.000768 seconds
Number of updated asset objects reloaded before import = 0
Number of asset objects unloaded after import = 0
========================================================================
Received Import Request.
  Time since last request: 11.367942 seconds.
  path: Assets/Sprites/Cartas/Lider
  artifactKey: Guid(723dee60dac32f54db3029734a888cea) Importer(815301076,1909f56bfc062723c751e8b465ee728b)
Start importing Assets/Sprites/Cartas/Lider using Guid(723dee60dac32f54db3029734a888cea) Importer(815301076,1909f56bfc062723c751e8b465ee728b)  -> (artifact id: 'c7ac16951edc8cb4c5512615ff6d017a') in 0.001079 seconds
Number of updated asset objects reloaded before import = 0
Number of asset objects unloaded after import = 0
========================================================================
Received Import Request.
  Time since last request: 3.571266 seconds.
  path: Assets/Sprites/Cartas/Oro
  artifactKey: Guid(0930b064a95c42443b28616c3c01919b) Importer(815301076,1909f56bfc062723c751e8b465ee728b)
Start importing Assets/Sprites/Cartas/Oro using Guid(0930b064a95c42443b28616c3c01919b) Importer(815301076,1909f56bfc062723c751e8b465ee728b)  -> (artifact id: '2ac20f092d794c2d721927d70df471be') in 0.000780 seconds
Number of updated asset objects reloaded before import = 0
Number of asset objects unloaded after import = 0
========================================================================
Received Import Request.
  Time since last request: 3.533203 seconds.
  path: Assets/Sprites/Cartas/Oro/New Folder
  artifactKey: Guid(9ac1f84504eaf0a438b56b2f48771cdf) Importer(815301076,1909f56bfc062723c751e8b465ee728b)
Start importing Assets/Sprites/Cartas/Oro/New Folder using Guid(9ac1f84504eaf0a438b56b2f48771cdf) Importer(815301076,1909f56bfc062723c751e8b465ee728b)  -> (artifact id: 'c74a4027b7f21bf296772482e2d74266') in 0.001254 seconds
Number of updated asset objects reloaded before import = 0
Number of asset objects unloaded after import = 0
========================================================================
Received Import Request.
  Time since last request: 9.344224 seconds.
  path: Assets/Sprites/Cartas/Plata
  artifactKey: Guid(a6303491c32a9e541a8737619b080c0f) Importer(815301076,1909f56bfc062723c751e8b465ee728b)
Start importing Assets/Sprites/Cartas/Plata using Guid(a6303491c32a9e541a8737619b080c0f) Importer(815301076,1909f56bfc062723c751e8b465ee728b)  -> (artifact id: '8b70893d8fced209c922cdf1476e17b8') in 0.000857 seconds
Number of updated asset objects reloaded before import = 0
Number of asset objects unloaded after import = 0
========================================================================
Received Import Request.
  Time since last request: 11.891876 seconds.
  path: Assets/Sprites/Cartas/Señuelo
  artifactKey: Guid(e6962c8af9760dd4aa706f08d999c4a4) Importer(815301076,1909f56bfc062723c751e8b465ee728b)
Start importing Assets/Sprites/Cartas/Señuelo using Guid(e6962c8af9760dd4aa706f08d999c4a4) Importer(815301076,1909f56bfc062723c751e8b465ee728b)  -> (artifact id: '4eeb87b593b3d36d7d9a07f9c16bcfbf') in 0.000781 seconds
Number of updated asset objects reloaded before import = 0
Number of asset objects unloaded after import = 0
TcpMessagingSession - receive error
AssetImportWorkerClient::OnTransportError - code=1236 error=The network connection was aborted by the local system.
